2019-10-15 19:46:59,830 - root - INFO - running environment: development
2019-10-15 19:47:00,126 - root - INFO - running environment: development
2019-10-15 19:53:04,693 - root - ERROR - 404 Not Found: The requested URL was not found on the server. If you entered the URL manually please check your spelling and try again.
2019-10-15 21:02:15,010 - root - INFO - running environment: development
2019-10-15 21:02:15,360 - root - INFO - running environment: development
2019-10-15 21:05:45,324 - root - ERROR - 404 Not Found: The requested URL was not found on the server. If you entered the URL manually please check your spelling and try again.
2019-10-15 21:09:10,590 - root - INFO - running environment: development
2019-10-15 21:09:37,999 - root - INFO - running environment: development
2019-10-15 21:09:38,344 - root - INFO - running environment: development
2019-10-15 21:13:33,687 - root - INFO - running environment: development
2019-10-15 21:16:21,900 - root - INFO - running environment: development
2019-10-15 21:17:27,071 - root - INFO - running environment: development
2019-10-15 21:17:51,838 - root - INFO - running environment: development
2019-10-15 21:17:52,181 - root - INFO - running environment: development
2019-10-15 21:22:19,752 - root - ERROR - 404 Not Found: The requested URL was not found on the server. If you entered the URL manually please check your spelling and try again.
2019-10-15 21:22:28,424 - root - ERROR - 404 Not Found: The requested URL was not found on the server. If you entered the URL manually please check your spelling and try again.
2019-10-15 21:22:33,997 - root - ERROR - 404 Not Found: The requested URL was not found on the server. If you entered the URL manually please check your spelling and try again.
2019-10-15 21:22:34,759 - root - ERROR - 404 Not Found: The requested URL was not found on the server. If you entered the URL manually please check your spelling and try again.
2019-10-15 21:22:35,309 - root - ERROR - 404 Not Found: The requested URL was not found on the server. If you entered the URL manually please check your spelling and try again.
2019-10-15 21:22:35,873 - root - ERROR - 404 Not Found: The requested URL was not found on the server. If you entered the URL manually please check your spelling and try again.
2019-10-15 21:23:18,219 - root - ERROR - 404 Not Found: The requested URL was not found on the server. If you entered the URL manually please check your spelling and try again.
2019-10-15 21:31:52,401 - root - INFO - running environment: development
2019-10-15 21:32:01,442 - root - INFO - running environment: development
2019-10-15 21:32:13,377 - root - INFO - running environment: development
2019-10-15 21:41:57,399 - root - INFO - running environment: development
2019-10-15 21:42:06,313 - root - INFO - running environment: development
2019-10-15 21:42:21,440 - root - INFO - running environment: development
2019-10-15 21:42:21,804 - root - INFO - running environment: development
2019-10-15 21:42:49,985 - root - ERROR - 404 Not Found: The requested URL was not found on the server. If you entered the URL manually please check your spelling and try again.
2019-10-15 21:42:50,022 - root - ERROR - 404 Not Found: The requested URL was not found on the server. If you entered the URL manually please check your spelling and try again.
2019-10-15 21:42:56,619 - root - ERROR - 404 Not Found: The requested URL was not found on the server. If you entered the URL manually please check your spelling and try again.
2019-10-15 21:42:56,638 - root - ERROR - 404 Not Found: The requested URL was not found on the server. If you entered the URL manually please check your spelling and try again.
2019-10-15 21:42:59,415 - root - ERROR - 404 Not Found: The requested URL was not found on the server. If you entered the URL manually please check your spelling and try again.
2019-10-15 21:42:59,746 - root - ERROR - 404 Not Found: The requested URL was not found on the server. If you entered the URL manually please check your spelling and try again.
2019-10-15 21:45:26,054 - root - INFO - running environment: development
2019-10-15 21:46:44,289 - root - INFO - running environment: development
2019-10-15 21:47:42,354 - root - INFO - running environment: development
2019-10-15 21:47:55,290 - root - INFO - running environment: development
2019-10-15 21:49:28,769 - root - INFO - running environment: development
2019-10-15 21:49:49,975 - root - INFO - running environment: development
2019-10-15 21:49:50,344 - root - INFO - running environment: development
2019-10-15 21:50:12,674 - root - ERROR - 404 Not Found: The requested URL was not found on the server. If you entered the URL manually please check your spelling and try again.
2019-10-15 21:52:47,615 - root - INFO - running environment: development
2019-10-15 21:57:48,393 - root - INFO - running environment: development
2019-10-15 21:58:57,352 - root - INFO - running environment: development
2019-10-15 21:59:39,071 - root - INFO - running environment: development
2019-10-15 21:59:58,996 - root - INFO - running environment: development
2019-10-15 21:59:59,348 - root - INFO - running environment: development
2019-10-15 22:38:19,342 - root - INFO - running environment: development
2019-10-15 22:38:19,819 - root - INFO - running environment: development
2019-10-15 22:38:30,671 - root - ERROR - 404 Not Found: The requested URL was not found on the server. If you entered the URL manually please check your spelling and try again.
2019-10-15 22:39:49,660 - root - INFO - running environment: development
2019-10-15 23:10:26,333 - root - INFO - running environment: development
2019-10-15 23:10:26,815 - root - INFO - running environment: development
2019-10-15 23:10:47,856 - root - ERROR - 404 Not Found: The requested URL was not found on the server. If you entered the URL manually please check your spelling and try again.
2019-10-15 23:10:47,883 - root - ERROR - 404 Not Found: The requested URL was not found on the server. If you entered the URL manually please check your spelling and try again.
2019-10-17 18:13:41,139 - root - INFO - running environment: development
2019-10-17 18:13:41,724 - root - INFO - running environment: development
2019-10-17 18:20:26,460 - app.controllers.users - DEBUG - {'name': 'steve', 'email': 'stevejowens@icloud.com', 'password': b'$2b$12$BwUU6tTJTFOSLY3kgiFTPeI8HvJ58wtI1Kv2JO7Ufyn56055zYU7e'}
2019-10-17 18:20:43,678 - app.controllers.users - DEBUG - {'name': 'steve', 'email': 'stevejowens@icloud.com', 'password': b'$2b$12$BwUU6tTJTFOSLY3kgiFTPeI8HvJ58wtI1Kv2JO7Ufyn56055zYU7e'}
2019-10-17 18:25:13,072 - root - INFO - running environment: development
2019-10-17 18:25:13,765 - root - INFO - running environment: development
2019-10-17 18:25:17,425 - root - INFO - running environment: development
2019-10-17 18:25:20,301 - root - INFO - running environment: development
2019-10-17 18:25:34,949 - app.controllers.users - DEBUG - {'name': 'steve', 'email': 'stevejowens@icloud.com', 'password': b'$2b$12$BwUU6tTJTFOSLY3kgiFTPeI8HvJ58wtI1Kv2JO7Ufyn56055zYU7e'}
2019-10-17 18:29:18,596 - root - ERROR - 404 Not Found: The requested URL was not found on the server. If you entered the URL manually please check your spelling and try again.
2019-10-17 18:29:25,337 - app.controllers.users - DEBUG - {'name': 'steve', 'email': 'stevejowens@icloud.com', 'password': b'$2b$12$BwUU6tTJTFOSLY3kgiFTPeI8HvJ58wtI1Kv2JO7Ufyn56055zYU7e'}
2019-10-18 08:31:12,926 - root - INFO - running environment: development
2019-10-18 08:31:13,515 - root - INFO - running environment: development
2019-10-18 08:33:31,779 - root - INFO - running environment: development
2019-10-18 08:33:32,370 - root - INFO - running environment: development
2019-10-18 08:34:08,272 - root - INFO - running environment: development
2019-10-18 08:34:08,852 - root - INFO - running environment: development
2019-10-18 08:35:48,898 - root - INFO - running environment: development
2019-10-18 08:35:49,488 - root - INFO - running environment: development
2019-10-18 10:10:54,557 - app.controllers.users - DEBUG - None
2019-10-18 10:14:00,543 - app.controllers.users - DEBUG - {'name': 'Steve', 'email': 'stevejowens@icloud.com', 'password': b'$2b$12$p4xk2d5Fe2PQGrbg4OSgleKyXIRgjVCrnps7PBXs.XIzu2zkeisdO'}
2019-10-18 10:21:44,201 - root - INFO - running environment: development
2019-10-18 10:22:10,559 - root - INFO - running environment: development
2019-10-18 10:22:11,367 - root - INFO - running environment: development
2019-10-18 10:25:38,607 - root - INFO - running environment: development
2019-10-18 10:26:13,690 - root - INFO - running environment: development
2019-10-18 10:27:03,245 - root - INFO - running environment: development
2019-10-18 10:27:15,097 - root - INFO - running environment: development
2019-10-18 10:28:58,403 - root - INFO - running environment: development
2019-10-18 10:30:27,052 - root - INFO - running environment: development
2019-10-18 10:30:27,686 - root - INFO - running environment: development
2019-10-18 11:11:47,316 - root - INFO - running environment: development
2019-10-18 11:11:47,916 - root - INFO - running environment: development
2019-10-18 11:15:52,791 - root - INFO - running environment: development
2019-10-18 11:16:17,294 - root - INFO - running environment: development
2019-10-18 11:16:51,030 - root - INFO - running environment: development
2019-10-18 11:16:51,625 - root - INFO - running environment: development
2019-10-18 11:17:10,208 - root - INFO - running environment: development
2019-10-18 11:17:37,055 - root - INFO - running environment: development
2019-10-18 11:17:45,493 - root - INFO - running environment: development
2019-10-18 11:18:04,353 - root - INFO - running environment: development
2019-10-18 11:18:30,841 - root - INFO - running environment: development
2019-10-18 11:18:46,304 - root - INFO - running environment: development
2019-10-18 11:18:52,260 - root - INFO - running environment: development
2019-10-18 11:20:20,045 - root - INFO - running environment: development
2019-10-18 11:20:47,859 - root - INFO - running environment: development
2019-10-18 11:20:54,783 - root - INFO - running environment: development
2019-10-18 11:22:33,689 - root - INFO - running environment: development
2019-10-18 11:25:27,292 - root - INFO - running environment: development
2019-10-18 11:25:27,910 - root - INFO - running environment: development
2019-10-18 11:31:28,847 - root - INFO - running environment: development
2019-10-18 11:31:29,460 - root - INFO - running environment: development
2019-10-18 12:18:55,165 - root - ERROR - 404 Not Found: The requested URL was not found on the server. If you entered the URL manually please check your spelling and try again.
2019-10-18 12:19:09,630 - root - ERROR - 404 Not Found: The requested URL was not found on the server. If you entered the URL manually please check your spelling and try again.
2019-10-18 12:19:09,678 - root - ERROR - 404 Not Found: The requested URL was not found on the server. If you entered the URL manually please check your spelling and try again.
2019-10-18 12:22:22,631 - root - INFO - running environment: development
2019-10-18 12:23:31,688 - root - INFO - running environment: development
2019-10-18 12:25:23,882 - root - INFO - running environment: development
2019-10-18 12:25:24,503 - root - INFO - running environment: development
2019-10-18 12:26:21,249 - root - INFO - running environment: development
2019-10-18 12:27:15,011 - root - INFO - running environment: development
2019-10-18 12:28:06,936 - root - INFO - running environment: development
2019-10-18 12:28:07,564 - root - INFO - running environment: development
2019-10-18 12:29:18,118 - root - ERROR - 404 Not Found: The requested URL was not found on the server. If you entered the URL manually please check your spelling and try again.
2019-10-18 12:31:19,216 - root - INFO - running environment: development
